 [ChainSystem] Chain resolution complete
 [ChainSystem] Cleaning up chain window
 [ChainSystem] Chain window closed successfully
 Bot summons Luminarch Sanctified Arbiter
 [canActivateTrap] Checking: Dragon Spirit Sanctuary, cardKind: trap, isFacedown: true, turnSetOn: 1, currentTurn: 6
 [canActivateTrap] Result: true (6 > 1)
 Summon Method: Normal | From: Hand | Opponent -> Luminarch Sanctified Arbiter
 [ChainSystem] Opening chain window: effect_activation Object
 [ChainSystem] Offering chain responses (first: player, second: bot)
 [getActivatableCardsInChain] Checking trap Dragon Spirit Sanctuary for context effect_activation
 [getActivatableCardsInChain] No activatable effect found for Dragon Spirit Sanctuary
 [ChainSystem] Chain responses complete, resolving chain (0 links)
 [ChainSystem] Chain resolution complete
 [ChainSystem] Cleaning up chain window
 [ChainSystem] Chain window closed successfully
 [canActivateTrap] Checking: Dragon Spirit Sanctuary, cardKind: trap, isFacedown: true, turnSetOn: 1, currentTurn: 6
 [canActivateTrap] Result: true (6 > 1)
 Opponent added 1 card(s) to hand from deck.
 [canActivateTrap] Checking: Dragon Spirit Sanctuary, cardKind: trap, isFacedown: true, turnSetOn: 1, currentTurn: 6
 [canActivateTrap] Result: true (6 > 1)
 [checkAndOfferTraps] Called for event: after_summon Object
 [checkAndOfferTraps] Proceeding to open chain window
 [getActivatableCardsInChain] Checking trap Dragon Spirit Sanctuary for context summon
 [getActivatableCardsInChain] No activatable effect found for Dragon Spirit Sanctuary
 [checkAndOfferTraps] Cleanup complete, trapPromptInProgress=false
 [canActivateTrap] Checking: Dragon Spirit Sanctuary, cardKind: trap, isFacedown: true, turnSetOn: 1, currentTurn: 6
 [canActivateTrap] Result: true (6 > 1)
 [Bot.playMainPhase] Generated 1 raw actions, 1 sequenced actions (0 filtered)
 [Bot.playMainPhase] Actions: Array(1)
 [Bot.playMainPhase] Running greedy search...
 [Bot.playMainPhase] Greedy search result: Object
 [Bot.playMainPhase] ✅ Greedy chose: Object
 
[Decision] bot | T6:main1 🥇
   Chosen: #1/1 - fieldEffect:Sanctum of the Luminarch Citadel (p:0)
   Coherence: 100%
 [ChainSystem] Opening chain window: card_activation Object
 [ChainSystem] Offering chain responses (first: player, second: bot)
 [getActivatableCardsInChain] Checking trap Dragon Spirit Sanctuary for context card_activation
 [getActivatableCardsInChain] No activatable effect found for Dragon Spirit Sanctuary
 [ChainSystem] Chain responses complete, resolving chain (0 links)
 [ChainSystem] Chain resolution complete
 [ChainSystem] Cleaning up chain window
 [ChainSystem] Chain window closed successfully
 [handlePayLP] SUCCESS: Paid 1000 LP, remaining 8000
 Opponent paid 1000 LP.
 [canActivateTrap] Checking: Dragon Spirit Sanctuary, cardKind: trap, isFacedown: true, turnSetOn: 1, currentTurn: 6
 [canActivateTrap] Result: true (6 > 1)
 Luminarch Valiant - Knight of the Dawn gained +500 ATK and +500 DEF until end of turn.
 [canActivateTrap] Checking: Dragon Spirit Sanctuary, cardKind: trap, isFacedown: true, turnSetOn: 1, currentTurn: 6
 [canActivateTrap] Result: true (6 > 1)
 Bot activates Sanctum of the Luminarch Citadel's effect
 [canActivateTrap] Checking: Dragon Spirit Sanctuary, cardKind: trap, isFacedown: true, turnSetOn: 1, currentTurn: 6
 [canActivateTrap] Result: true (6 > 1)
 [Bot.playMainPhase] Generated 0 raw actions, 0 sequenced actions (0 filtered)
 
[EmptyPhase] ⚠️  bot | T6:main1
   Reason: NO_ACTIONS_GENERATED
   Context: LP=7800 | Hand=5 | Field=2 | GY=0
 [checkAndOfferTraps] Called for event: phase_end Object
 [checkAndOfferTraps] Proceeding to open chain window
 [getActivatableCardsInChain] Checking trap Dragon Spirit Sanctuary for context phase_change
 [getActivatableCardsInChain] No activatable effect found for Dragon Spirit Sanctuary
 [checkAndOfferTraps] Cleanup complete, trapPromptInProgress=false
 [canActivateTrap] Checking: Dragon Spirit Sanctuary, cardKind: trap, isFacedown: true, turnSetOn: 1, currentTurn: 6
 [canActivateTrap] Result: true (6 > 1)
 [Bot.makeMove] Guard check: Object
 [Bot.makeMove] Phase: battle
 [Bot.playBattlePhase] ✅ Starting battle phase evaluation
 Luminarch Aurora Seraph attacks Grey Dragon!
 [checkAndOfferTraps] Called for event: attack_declared Object
 [checkAndOfferTraps] Proceeding to open chain window
 [getActivatableCardsInChain] Checking trap Dragon Spirit Sanctuary for context attack_declaration
 [findActivatableEffect] trap=Dragon Spirit Sanctuary ctx attackers/defenders Object
 [findActivatableEffect] Checking targets for Dragon Spirit Sanctuary: Object
 [resolveTargets] Using targetFromContext "defender" for target "returning": Grey Dragon
 [selectCandidates] Starting search for target "replacement": owner="self", zone="hand", archetype="undefined", excludeCardName="undefined"
 [selectCandidates] Using 1 owners: player
 [selectCandidates] Checking zone "hand" for owner player: 5 cards (Converging Stars, Dragon Spirit Sanctuary, Hellkite Roar, Voltaic Dragon, Hellkite Roar)
 [selectCandidates] Evaluating card: Converging Stars (archetype: null, owner: player)
 [selectCandidates] Rejecting: cardKind mismatch (spell !== monster)
 [selectCandidates] Evaluating card: Dragon Spirit Sanctuary (archetype: null, owner: player)
 [selectCandidates] Rejecting: cardKind mismatch (trap !== monster)
 [selectCandidates] Evaluating card: Hellkite Roar (archetype: null, owner: player)
 [selectCandidates] Rejecting: cardKind mismatch (spell !== monster)
 [selectCandidates] Evaluating card: Voltaic Dragon (archetype: null, owner: player)
 [selectCandidates] ACCEPTED: Voltaic Dragon
 [selectCandidates] Evaluating card: Hellkite Roar (archetype: null, owner: player)
 [selectCandidates] Rejecting: cardKind mismatch (spell !== monster)
 [selectCandidates] Applying compareAttribute filter: level lte 4 (from ref "returning")
 [selectCandidates] After compareAttribute filter: 1 candidates remain
 [selectCandidates] Found 1 candidates for target "replacement" (archetype: undefined, zone: hand, exclude: undefined)
 [findActivatableEffect] Target result for Dragon Spirit Sanctuary: Object
 [getActivatableCardsInChain] Found effect for Dragon Spirit Sanctuary: dragon_spirit_sanctuary_attack
 [getActivatableCardsInChain] Chain check for Dragon Spirit Sanctuary: Object
 [getActivatableCardsInChain] Dragon Spirit Sanctuary is ACTIVATABLE
 [checkAndOfferTraps] Opening chain window via ChainSystem
 [ChainSystem] Opening chain window: attack_declaration Object
 [ChainSystem] Offering chain responses (first: player, second: bot)
 [getActivatableCardsInChain] Checking trap Dragon Spirit Sanctuary for context attack_declaration
 [findActivatableEffect] trap=Dragon Spirit Sanctuary ctx attackers/defenders Object
 [findActivatableEffect] Checking targets for Dragon Spirit Sanctuary: Object
 [resolveTargets] Using targetFromContext "defender" for target "returning": Grey Dragon
 [findActivatableEffect] Target result for Dragon Spirit Sanctuary: Object
 [getActivatableCardsInChain] Found effect for Dragon Spirit Sanctuary: dragon_spirit_sanctuary_attack
 [getActivatableCardsInChain] Chain check for Dragon Spirit Sanctuary: Object
 [getActivatableCardsInChain] Dragon Spirit Sanctuary is ACTIVATABLE
 Select target(s) for Dragon Spirit Sanctuary
 Chain Link 1: Dragon Spirit Sanctuary
 [ChainSystem] Chain responses complete, resolving chain (1 links)
 Resolving: Dragon Spirit Sanctuary
 Grey Dragon returned to hand.
 The attack of Luminarch Aurora Seraph was negated!
 [canActivateTrap] Checking: Dragon Spirit Sanctuary, cardKind: trap, isFacedown: false, turnSetOn: 1, currentTurn: 6
 Summon Method: Special | From: Hand | You -> Voltaic Dragon
 Efeito 1/turn ja usado neste turno.
 Efeito 1/turn ja usado neste turno.
 [checkAndOfferTraps] Called for event: after_summon Object
 [checkAndOfferTraps] Skipped: trapPromptInProgress=true
 You Special Summoned Voltaic Dragon from hand.
 [canActivateTrap] Checking: Dragon Spirit Sanctuary, cardKind: trap, isFacedown: false, turnSetOn: 1, currentTurn: 6
 [ChainSystem] Chain resolution complete
 [ChainSystem] Cleaning up chain window
 [ChainSystem] Chain window closed successfully
 [checkAndOfferTraps] Chain window closed, cleaning up
 [checkAndOfferTraps] Cleanup complete, trapPromptInProgress=false
 Luminarch Valiant - Knight of the Dawn attacks Armored Dragon!
 [checkAndOfferTraps] Called for event: attack_declared Object
 [checkAndOfferTraps] Proceeding to open chain window
 [checkAndOfferTraps] Cleanup complete, trapPromptInProgress=false
 Luminarch Valiant - Knight of the Dawn destroyed Armored Dragon and dealt 500 damage.
 [moveCard] Emitting card_to_grave event for Armored Dragon (fromZone: field)
 [handleCardToGraveEvent] Armored Dragon entered graveyard. card.owner="player", ctx.player.id="player", ctx.opponent.id="bot", wasDestroyed=true
 [handleCardToGraveEvent] Armored Dragon entered graveyard from field. Card has 2 effects.
 [battle_destroy DEBUG] Side owner: bot, triggerSources: Array(8)
 [battle_destroy DEBUG] attacker in triggerSources: true
 [battle_destroy DEBUG] Checking effect luminarch_aurora_seraph_heal on Luminarch Aurora Seraph
   - attacker: Luminarch Valiant - Knight of the Dawn, destroyed: Armored Dragon
   - attackerOwner: bot, destroyedOwner: player
   - side.owner: bot, side.other: player
   - requireSelfAsAttacker: true, ctx.attacker === card: false
   - requireDestroyedIsOpponent: undefined
 [battle_destroy DEBUG] SKIPPED: requireSelfAsAttacker but ctx.attacker !== card
 [battle_destroy DEBUG] Side owner: player, triggerSources: Array(6)
 [battle_destroy DEBUG] attacker in triggerSources: false
 [battle_destroy DEBUG] Checking effect armored_dragon_battle_destroy_draw_summon on Armored Dragon
   - attacker: Luminarch Valiant - Knight of the Dawn, destroyed: Armored Dragon
   - attackerOwner: bot, destroyedOwner: player
   - side.owner: player, side.other: bot
   - requireSelfAsAttacker: undefined, ctx.attacker === card: false
   - requireDestroyedIsOpponent: undefined
 [battle_destroy DEBUG] PASSED ALL CHECKS for armored_dragon_battle_destroy_draw_summon, creating entry
 [resolveEvent DEBUG] battle_destroy - entries.length: 1
 [resolveEvent DEBUG] entries: Array(1)
 [resolveEventEntries DEBUG] entry[0]: player:Armored Dragon:armored_dragon_battle_destroy_draw_summon
   - config exists: true
   - config.activate type: function
 [resolveEventEntries DEBUG] EXECUTING entry[0]
 [ChainSystem] Opening chain window: effect_activation Object
 [ChainSystem] Offering chain responses (first: bot, second: player)
 [ChainSystem] Chain responses complete, resolving chain (0 links)
 [ChainSystem] Chain resolution complete
 [ChainSystem] Cleaning up chain window
 [ChainSystem] Chain window closed successfully
 [canActivatePolymerization] ❌ Bloqueado: nenhuma fusão possível com materiais disponíveis
 Luminarch Sanctified Arbiter attacks Voltaic Dragon!
 [checkAndOfferTraps] Called for event: attack_declared Object
 [checkAndOfferTraps] Proceeding to open chain window
 [checkAndOfferTraps] Cleanup complete, trapPromptInProgress=false
 [moveCard] Emitting card_to_grave event for Voltaic Dragon (fromZone: field)
 [handleCardToGraveEvent] Voltaic Dragon entered graveyard. card.owner="player", ctx.player.id="player", ctx.opponent.id="bot", wasDestroyed=true
 [handleCardToGraveEvent] Voltaic Dragon entered graveyard from field. Card has 2 effects.
 [handleCardToGraveEvent] Found card_to_grave effect: voltaic_dragon_discard_damage
 [handleCardToGraveEvent] fromZone check: effect.fromZone="hand", actual fromZone="field"
 [handleCardToGraveEvent] Skipping: fromZone mismatch (hand !== field)
 [battle_destroy DEBUG] Side owner: bot, triggerSources: Array(8)
 [battle_destroy DEBUG] attacker in triggerSources: true
 [battle_destroy DEBUG] Checking effect luminarch_aurora_seraph_heal on Luminarch Aurora Seraph
   - attacker: Luminarch Sanctified Arbiter, destroyed: Voltaic Dragon
   - attackerOwner: bot, destroyedOwner: player
   - side.owner: bot, side.other: player
   - requireSelfAsAttacker: true, ctx.attacker === card: false
   - requireDestroyedIsOpponent: undefined
 [battle_destroy DEBUG] SKIPPED: requireSelfAsAttacker but ctx.attacker !== card
 [battle_destroy DEBUG] Side owner: player, triggerSources: Array(6)
 [battle_destroy DEBUG] attacker in triggerSources: false
 [resolveEvent DEBUG] battle_destroy - entries.length: 0
 [resolveEvent DEBUG] entries: Array(0)
 Luminarch Sanctified Arbiter destroyed Voltaic Dragon.
 [canActivatePolymerization] ❌ Bloqueado: nenhuma fusão possível com materiais disponíveis
 [checkAndOfferTraps] Called for event: phase_end Object
 [checkAndOfferTraps] Proceeding to open chain window
 [checkAndOfferTraps] Cleanup complete, trapPromptInProgress=false
 [canActivatePolymerization] ❌ Bloqueado: nenhuma fusão possível com materiais disponíveis
 [Bot.makeMove] Guard check: Object
 [Bot.makeMove] Phase: main2
 [Bot.playMainPhase] Generated 0 raw actions, 0 sequenced actions (0 filtered)
 
[EmptyPhase] ⚠️  bot | T6:main2
   Reason: NO_ACTIONS_GENERATED
   Context: LP=7300 | Hand=6 | Field=0 | GY=3
 [checkAndOfferTraps] Called for event: phase_end Object
 [checkAndOfferTraps] Proceeding to open chain window
 [checkAndOfferTraps] Cleanup complete, trapPromptInProgress=false
 [Bot.makeMove] Guard check: Object
 [Bot.makeMove] Phase: end
 
──────────────────── TURNO 7: You ────────────────────
 [canActivatePolymerization] ❌ Bloqueado: nenhuma fusão possível com materiais disponíveis
 [ChainSystem] Opening chain window: summon_attempt Object
 [ChainSystem] Offering chain responses (first: bot, second: player)
 [ChainSystem] Chain responses complete, resolving chain (0 links)
 [ChainSystem] Chain resolution complete
 [ChainSystem] Cleaning up chain window
 [ChainSystem] Chain window closed successfully
 [canActivatePolymerization] ❌ Bloqueado: nenhuma fusão possível com materiais disponíveis
 Summon Method: Normal | From: Hand | You -> Grey Dragon
 [checkAndOfferTraps] Called for event: after_summon Object
 [checkAndOfferTraps] Proceeding to open chain window
 [checkAndOfferTraps] Cleanup complete, trapPromptInProgress=false
 [Game] Activating hand effect for: Hellkite Dragon
 [Game] tryActivateMonsterEffect called for: Hellkite Dragon (zone: hand)
 [ChainSystem] Opening chain window: effect_activation Object
 [ChainSystem] Offering chain responses (first: bot, second: player)
 [ChainSystem] Chain responses complete, resolving chain (0 links)
 [ChainSystem] Chain resolution complete
 [ChainSystem] Cleaning up chain window
 [ChainSystem] Chain window closed successfully
 Select target(s) for the monster effect.
 [moveCard] Emitting card_to_grave event for Grey Dragon (fromZone: field)
 [handleCardToGraveEvent] Grey Dragon entered graveyard. card.owner="player", ctx.player.id="player", ctx.opponent.id="bot", wasDestroyed=false
 [handleCardToGraveEvent] Grey Dragon entered graveyard from field. Card has 2 effects.
 [ChainSystem] Opening chain window: summon_attempt Object
 [ChainSystem] Offering chain responses (first: bot, second: player)
 [ChainSystem] Chain responses complete, resolving chain (0 links)
 [ChainSystem] Chain resolution complete
 [ChainSystem] Cleaning up chain window
 [ChainSystem] Chain window closed successfully
 Summon Method: Special | From: Hand | You -> Hellkite Dragon
 [checkAndOfferTraps] Called for event: after_summon Object
 [checkAndOfferTraps] Proceeding to open chain window
 [checkAndOfferTraps] Cleanup complete, trapPromptInProgress=false
 You Special Summoned Hellkite Dragon from hand.
 [canActivatePolymerization] ❌ Bloqueado: nenhuma fusão possível com materiais disponíveis
 Hellkite Dragon effect activated.
 [canActivatePolymerization] ❌ Bloqueado: nenhuma fusão possível com materiais disponíveis
 [ChainSystem] Opening chain window: card_activation Object
 [ChainSystem] Offering chain responses (first: bot, second: player)
 [ChainSystem] Chain responses complete, resolving chain (0 links)
 [ChainSystem] Chain resolution complete
 [ChainSystem] Cleaning up chain window
 [ChainSystem] Chain window closed successfully
 Hellkite Roar: Select up to 1 opponent cards to destroy.
 Select 1 opponent card(s) to destroy.
 [Game] Highlighting targets: Object
 [Game] Target selection click: Object
 [Game] Looking for candidate: Object
 [Game] Selected card, total: 1 / 1
 [Game] Highlighting targets: Object
 [moveCard] Emitting card_to_grave event for Sanctum of the Luminarch Citadel (fromZone: fieldSpell)
 [handleCardToGraveEvent] Sanctum of the Luminarch Citadel entered graveyard. card.owner="bot", ctx.player.id="bot", ctx.opponent.id="player", wasDestroyed=true
 [handleCardToGraveEvent] Sanctum of the Luminarch Citadel entered graveyard from fieldSpell. Card has 2 effects.
 Hellkite Roar destroyed Sanctum of the Luminarch Citadel!
 [canActivatePolymerization] ❌ Bloqueado: nenhuma fusão possível com materiais disponíveis
 [moveCard] Emitting card_to_grave event for Hellkite Roar (fromZone: spellTrap)
 Hellkite Roar effect activated.
 [checkAndOfferTraps] Called for event: card_activation Object
 [checkAndOfferTraps] Proceeding to open chain window
 [checkAndOfferTraps] Cleanup complete, trapPromptInProgress=false
 [canActivatePolymerization] ❌ Bloqueado: nenhuma fusão possível com materiais disponíveis
 Select a monster to attack.
 [Game] Highlighting targets: Object
 [Game] Target selection click: Object
 [Game] Looking for candidate: Object
 [Game] Candidate not found. Checking references:
   Candidate 0: Object
 [canActivatePolymerization] ❌ Bloqueado: nenhuma fusão possível com materiais disponíveis
 [Game] tryActivateMonsterEffect called for: Hellkite Dragon (zone: field)
 [ChainSystem] Opening chain window: effect_activation Object
 [ChainSystem] Offering chain responses (first: bot, second: player)
 [ChainSystem] Chain responses complete, resolving chain (0 links)
 [ChainSystem] Chain resolution complete
 [ChainSystem] Cleaning up chain window
 [ChainSystem] Chain window closed successfully
 [moveCard] Emitting card_to_grave event for Hellkite Dragon (fromZone: field)
 [handleCardToGraveEvent] Hellkite Dragon entered graveyard. card.owner="player", ctx.player.id="player", ctx.opponent.id="bot", wasDestroyed=false
 [handleCardToGraveEvent] Hellkite Dragon entered graveyard from field. Card has 2 effects.
 [canActivatePolymerization] ❌ Bloqueado: sem monstros disponíveis
 Hellkite Dragon moved to graveyard.
 [ChainSystem] Opening chain window: summon_attempt Object
 [ChainSystem] Offering chain responses (first: bot, second: player)
 [ChainSystem] Chain responses complete, resolving chain (0 links)
 [ChainSystem] Chain resolution complete
 [ChainSystem] Cleaning up chain window
 [ChainSystem] Chain window closed successfully
 Summon Method: Special | From: Graveyard | You -> Voltaic Dragon
 [checkAndOfferTraps] Called for event: after_summon Object
 [checkAndOfferTraps] Proceeding to open chain window
 [checkAndOfferTraps] Cleanup complete, trapPromptInProgress=false
 You Special Summoned Voltaic Dragon from graveyard.
 [canActivatePolymerization] ❌ Bloqueado: nenhuma fusão possível com materiais disponíveis
 Hellkite Dragon effect activated.
 
──────────────────── TURNO 8: Opponent ────────────────────
 [canActivatePolymerization] ❌ Bloqueado: nenhuma fusão possível com materiais disponíveis
 
[Phase] ⏭️ bot | T8 standby → main1 (0 actions, 0ms)
 [Bot.makeMove] Guard check: Object
 [Bot.makeMove] Phase: main1
 [Bot.playMainPhase] Generated 2 raw actions, 2 sequenced actions (0 filtered)
 [Bot.playMainPhase] Actions: Array(2)
 [Bot.playMainPhase] Running beam search with 2 actions (width=2, depth=2, budget=100)...
 [Bot.playMainPhase] Beam search result: Object
 [Bot.playMainPhase] ✅ Beam search chose: Object
 
[Decision] bot | T8:main1 🥇
   Chosen: #1/2 - spell:Sanctum of the Luminarch Citadel (p:20)
   Coherence: 100%
 [Bot.executeMainPhaseAction] 📝 Attempting spell: Sanctum of the Luminarch Citadel
 [Bot.executeMainPhaseAction] 🔍 Preview check: Object
 [ChainSystem] Opening chain window: card_activation Object
 [ChainSystem] Offering chain responses (first: player, second: bot)
 [ChainSystem] Chain responses complete, resolving chain (0 links)
 [ChainSystem] Chain resolution complete
 [ChainSystem] Cleaning up chain window
 [ChainSystem] Chain window closed successfully
 Bot places Sanctum of the Luminarch Citadel.
 [canActivatePolymerization] ❌ Bloqueado: nenhuma fusão possível com materiais disponíveis
 [Bot.playMainPhase] Generated 2 raw actions, 2 sequenced actions (0 filtered)
 [Bot.playMainPhase] Actions: Array(2)
 [Bot.playMainPhase] Running beam search with 2 actions (width=2, depth=2, budget=100)...
 [Bot.playMainPhase] Beam search result: Object
 [Bot.playMainPhase] ✅ Beam search chose: Object
 
[Decision] bot | T8:main1 🥇
   Chosen: #1/2 - position_change:Luminarch Fortress Aegis (p:2)
   Coherence: 100%
 Luminarch Fortress Aegis changes to Attack Position.
 [canActivatePolymerization] ❌ Bloqueado: nenhuma fusão possível com materiais disponíveis
 [Bot.playMainPhase] Generated 1 raw actions, 1 sequenced actions (0 filtered)
 [Bot.playMainPhase] Actions: Array(1)
 [Bot.playMainPhase] Running greedy search...
 [Bot.playMainPhase] Greedy search result: Object
 [Bot.playMainPhase] ✅ Greedy chose: Object
 
[Decision] bot | T8:main1 🥇
   Chosen: #1/1 - fieldEffect:Sanctum of the Luminarch Citadel (p:0)
   Coherence: 100%
 [ChainSystem] Opening chain window: card_activation Object
 [ChainSystem] Offering chain responses (first: player, second: bot)
 [ChainSystem] Chain responses complete, resolving chain (0 links)
 [ChainSystem] Chain resolution complete
 [ChainSystem] Cleaning up chain window
 [ChainSystem] Chain window closed successfully
 [handlePayLP] SUCCESS: Paid 1000 LP, remaining 7000
 Opponent paid 1000 LP.
 [canActivatePolymerization] ❌ Bloqueado: nenhuma fusão possível com materiais disponíveis
 Luminarch Valiant - Knight of the Dawn gained +500 ATK and +500 DEF until end of turn.
 Bot activates Sanctum of the Luminarch Citadel's effect
 [Bot.playMainPhase] Generated 0 raw actions, 0 sequenced actions (0 filtered)
 
[EmptyPhase] ⚠️  bot | T8:main1
   Reason: NO_ACTIONS_GENERATED
   Context: LP=7300 | Hand=4 | Field=1 | GY=5
 [checkAndOfferTraps] Called for event: phase_end Object
 [checkAndOfferTraps] Proceeding to open chain window
 [checkAndOfferTraps] Cleanup complete, trapPromptInProgress=false
 [canActivatePolymerization] ❌ Bloqueado: nenhuma fusão possível com materiais disponíveis
 [Bot.makeMove] Guard check: Object
 [Bot.makeMove] Phase: battle
 [Bot.playBattlePhase] ✅ Starting battle phase evaluation
 Luminarch Valiant - Knight of the Dawn attacks Voltaic Dragon!
 [checkAndOfferTraps] Called for event: attack_declared Object
 [checkAndOfferTraps] Proceeding to open chain window
 [checkAndOfferTraps] Cleanup complete, trapPromptInProgress=false
 Luminarch Valiant - Knight of the Dawn pierced Voltaic Dragon for 1300 damage.
 [moveCard] Emitting card_to_grave event for Voltaic Dragon (fromZone: field)
 [handleCardToGraveEvent] Voltaic Dragon entered graveyard. card.owner="player", ctx.player.id="player", ctx.opponent.id="bot", wasDestroyed=true
 [handleCardToGraveEvent] Voltaic Dragon entered graveyard from field. Card has 2 effects.
 [handleCardToGraveEvent] Found card_to_grave effect: voltaic_dragon_discard_damage
 [handleCardToGraveEvent] fromZone check: effect.fromZone="hand", actual fromZone="field"
 [handleCardToGraveEvent] Skipping: fromZone mismatch (hand !== field)
 [battle_destroy DEBUG] Side owner: bot, triggerSources: Array(8)
 [battle_destroy DEBUG] attacker in triggerSources: true
 [battle_destroy DEBUG] Checking effect luminarch_aurora_seraph_heal on Luminarch Aurora Seraph
   - attacker: Luminarch Valiant - Knight of the Dawn, destroyed: Voltaic Dragon
   - attackerOwner: bot, destroyedOwner: player
   - side.owner: bot, side.other: player
   - requireSelfAsAttacker: true, ctx.attacker === card: false
   - requireDestroyedIsOpponent: undefined
 [battle_destroy DEBUG] SKIPPED: requireSelfAsAttacker but ctx.attacker !== card
 [battle_destroy DEBUG] Side owner: player, triggerSources: Array(4)
 [battle_destroy DEBUG] attacker in triggerSources: false
 [resolveEvent DEBUG] battle_destroy - entries.length: 0
 [resolveEvent DEBUG] entries: Array(0)
 Luminarch Aurora Seraph attacks directly!
 [checkAndOfferTraps] Called for event: attack_declared Object
 [checkAndOfferTraps] Proceeding to open chain window
 [checkAndOfferTraps] Cleanup complete, trapPromptInProgress=false
 Luminarch Enchanted Halberd attacks directly!
 [checkAndOfferTraps] Called for event: attack_declared Object
 [checkAndOfferTraps] Proceeding to open chain window
 [checkAndOfferTraps] Cleanup complete, trapPromptInProgress=false
 [canActivatePolymerization] ❌ Bloqueado: sem monstros disponíveis
 Luminarch Fortress Aegis attacks directly!
 [checkAndOfferTraps] Called for event: attack_declared Object
 [checkAndOfferTraps] Proceeding to open chain window
 [checkAndOfferTraps] Cleanup complete, trapPromptInProgress=false
 Luminarch Sanctified Arbiter attacks directly!
 [checkAndOfferTraps] Called for event: attack_declared Object
 [checkAndOfferTraps] Proceeding to open chain window
 [checkAndOfferTraps] Cleanup complete, trapPromptInProgress=false
 [canActivatePolymerization] ❌ Bloqueado: sem monstros disponíveis
 Card database validation warnings: Array(1)
runCardDatabaseValidation @ main.js:482
 
──────────────────── TURNO 1: You ────────────────────
 Nao e o seu turno.
 [Game] Activating hand effect for: Black Bull Dragon
 [Game] tryActivateMonsterEffect called for: Black Bull Dragon (zone: hand)
 [ChainSystem] Opening chain window: effect_activation Object
 [ChainSystem] Offering chain responses (first: bot, second: player)
 [ChainSystem] Chain responses complete, resolving chain (0 links)
 [ChainSystem] Chain resolution complete
 [ChainSystem] Cleaning up chain window
 [ChainSystem] Chain window closed successfully
 Select target(s) for the monster effect.
 [moveCard] Emitting card_to_grave event for Voltaic Dragon (fromZone: hand)
 [handleCardToGraveEvent] Voltaic Dragon entered graveyard. card.owner="player", ctx.player.id="player", ctx.opponent.id="bot", wasDestroyed=false
 [handleCardToGraveEvent] Voltaic Dragon entered graveyard from hand. Card has 2 effects.
 [handleCardToGraveEvent] Found card_to_grave effect: voltaic_dragon_discard_damage
 [handleCardToGraveEvent] fromZone check: effect.fromZone="hand", actual fromZone="hand"
 [card_to_grave] About to resolve targets for Voltaic Dragon. Targets definition: undefined
 [ChainSystem] Opening chain window: effect_activation Object
 [ChainSystem] Offering chain responses (first: bot, second: player)
 [moveCard] Emitting card_to_grave event for Abyssal Serpent Dragon (fromZone: hand)
 [ChainSystem] Chain responses complete, resolving chain (0 links)
 [ChainSystem] Chain resolution complete
 [ChainSystem] Cleaning up chain window
 [ChainSystem] Chain window closed successfully
 [ChainSystem] Opening chain window: summon_attempt Object
 [ChainSystem] Offering chain responses (first: bot, second: player)
 [ChainSystem] Chain responses complete, resolving chain (0 links)
 [ChainSystem] Chain resolution complete
 [ChainSystem] Cleaning up chain window
 [ChainSystem] Chain window closed successfully
 Summon Method: Special | From: Hand | You -> Black Bull Dragon
 [ChainSystem] Opening chain window: effect_activation Object
 [ChainSystem] Offering chain responses (first: bot, second: player)
 [ChainSystem] Chain responses complete, resolving chain (0 links)
 [ChainSystem] Chain resolution complete
 [ChainSystem] Cleaning up chain window
 [ChainSystem] Chain window closed successfully
 Black Bull Dragon gained extraAttacks.
 [checkAndOfferTraps] Called for event: after_summon Object
 [checkAndOfferTraps] Proceeding to open chain window
 [checkAndOfferTraps] Cleanup complete, trapPromptInProgress=false
 You Special Summoned Black Bull Dragon from hand.
 Black Bull Dragon effect activated.
 
──────────────────── TURNO 2: Opponent ────────────────────
 
[Phase] ⏭️ bot | T2 standby → main1 (0 actions, 0ms)
 [Bot.makeMove] Guard check: Object
 [Bot.makeMove] Phase: main1
 [Bot.playMainPhase] Generated 1 raw actions, 1 sequenced actions (0 filtered)
 [Bot.playMainPhase] Actions: Array(1)
 [Bot.playMainPhase] Running greedy search...
 [Bot.playMainPhase] Greedy search result: Object
 [Bot.playMainPhase] ✅ Greedy chose: Object
 
[Decision] bot | T2:main1 🥇
   Chosen: #1/1 - summon:Luminarch Aegisbearer (p:12)
   Coherence: 100%
 [ChainSystem] Opening chain window: summon_attempt Object
 [ChainSystem] Offering chain responses (first: player, second: bot)
 [ChainSystem] Chain responses complete, resolving chain (0 links)
 [ChainSystem] Chain resolution complete
 [ChainSystem] Cleaning up chain window
 [ChainSystem] Chain window closed successfully
 Bot summons a monster in defense
 [Bot.playMainPhase] Generated 0 raw actions, 0 sequenced actions (0 filtered)
 
[EmptyPhase] ⚠️  bot | T2:main1
   Reason: NO_ACTIONS_GENERATED
   Context: LP=8000 | Hand=2 | Field=1 | GY=2
 [checkAndOfferTraps] Called for event: phase_end Object
 [checkAndOfferTraps] Proceeding to open chain window
 [checkAndOfferTraps] Cleanup complete, trapPromptInProgress=false
 [Bot.makeMove] Guard check: Object
 [Bot.makeMove] Phase: battle
 [Bot.playBattlePhase] ✅ Starting battle phase evaluation
 [checkAndOfferTraps] Called for event: phase_end Object
 [checkAndOfferTraps] Proceeding to open chain window
 [checkAndOfferTraps] Cleanup complete, trapPromptInProgress=false
 [Bot.makeMove] Guard check: Object
 [Bot.makeMove] Phase: main2
 [Bot.playMainPhase] Generated 0 raw actions, 0 sequenced actions (0 filtered)
 
[EmptyPhase] ⚠️  bot | T2:main2
   Reason: NO_ACTIONS_GENERATED
   Context: LP=8000 | Hand=2 | Field=1 | GY=2
 [checkAndOfferTraps] Called for event: phase_end Object
 [checkAndOfferTraps] Proceeding to open chain window
 [checkAndOfferTraps] Cleanup complete, trapPromptInProgress=false
 [Bot.makeMove] Guard check: Object
 [Bot.makeMove] Phase: end
 
──────────────────── TURNO 3: You ────────────────────
 Nao e o seu turno.
 Not enough tributes for Level 8 monster.
 Nao e o seu turno.
 Select a monster to attack.
 [Game] Highlighting targets: Object
 [Game] Target selection click: Object
 [Game] Looking for candidate: Object
 [Game] Selected card, total: 1 / 1
 [Game] Highlighting targets: Object
 Black Bull Dragon attacks Luminarch Aegisbearer!
 Luminarch Aegisbearer was flipped!
 [moveCard] Emitting card_to_grave event for Luminarch Aegisbearer (fromZone: field)
 [handleCardToGraveEvent] Luminarch Aegisbearer entered graveyard. card.owner="bot", ctx.player.id="bot", ctx.opponent.id="player", wasDestroyed=true
 [handleCardToGraveEvent] Luminarch Aegisbearer entered graveyard from field. Card has 2 effects.
 [handleCardToGraveEvent] Found card_to_grave effect: luminarch_aegisbearer_def_reset
 [handleCardToGraveEvent] fromZone check: effect.fromZone="field", actual fromZone="field"
 [card_to_grave] About to resolve targets for Luminarch Aegisbearer. Targets definition: undefined
 [ChainSystem] Opening chain window: effect_activation Object
 [ChainSystem] Offering chain responses (first: player, second: bot)
 [ChainSystem] Chain responses complete, resolving chain (0 links)
 [ChainSystem] Chain resolution complete
 [ChainSystem] Cleaning up chain window
 [ChainSystem] Chain window closed successfully
 [battle_destroy DEBUG] Side owner: player, triggerSources: Array(4)
 [battle_destroy DEBUG] attacker in triggerSources: true
 [battle_destroy DEBUG] Checking effect purified_crystal_heal_on_destroy on Purified Crystal Dragon
   - attacker: Black Bull Dragon, destroyed: Luminarch Aegisbearer
   - attackerOwner: player, destroyedOwner: bot
   - side.owner: player, side.other: bot
   - requireSelfAsAttacker: true, ctx.attacker === card: false
   - requireDestroyedIsOpponent: undefined
 [battle_destroy DEBUG] SKIPPED: requireSelfAsAttacker but ctx.attacker !== card
 [battle_destroy DEBUG] Side owner: bot, triggerSources: Array(4)
 [battle_destroy DEBUG] attacker in triggerSources: false
 [battle_destroy DEBUG] Checking effect luminarch_aurora_seraph_heal on Luminarch Aurora Seraph
   - attacker: Black Bull Dragon, destroyed: Luminarch Aegisbearer
   - attackerOwner: player, destroyedOwner: bot
   - side.owner: bot, side.other: player
   - requireSelfAsAttacker: true, ctx.attacker === card: false
   - requireDestroyedIsOpponent: undefined
 [battle_destroy DEBUG] SKIPPED: requireSelfAsAttacker but ctx.attacker !== card
 [battle_destroy DEBUG] Checking effect moonblade_captain_second_attack on Luminarch Moonblade Captain
   - attacker: Black Bull Dragon, destroyed: Luminarch Aegisbearer
   - attackerOwner: player, destroyedOwner: bot
   - side.owner: bot, side.other: player
   - requireSelfAsAttacker: true, ctx.attacker === card: false
   - requireDestroyedIsOpponent: true
 [battle_destroy DEBUG] SKIPPED: requireSelfAsAttacker but ctx.attacker !== card
 [resolveEvent DEBUG] battle_destroy - entries.length: 0
 [resolveEvent DEBUG] entries: Array(0)
 Black Bull Dragon destroyed Luminarch Aegisbearer.
 Select a monster to attack.
 [Game] Highlighting targets: Object
 Black Bull Dragon attacks directly!
 
──────────────────── TURNO 4: Opponent ────────────────────
 
[Phase] ⏭️ bot | T4 standby → main1 (0 actions, 0ms)
 [Bot.makeMove] Guard check: Object
 [Bot.makeMove] Phase: main1
 [Bot.playMainPhase] Generated 1 raw actions, 1 sequenced actions (0 filtered)
 [Bot.playMainPhase] Actions: Array(1)
 [Bot.playMainPhase] Running greedy search...
 [Bot.playMainPhase] Greedy search result: Object
 [Bot.playMainPhase] ✅ Greedy chose: Object
 
[Decision] bot | T4:main1 🥇
   Chosen: #1/1 - summon:Luminarch Aegisbearer (p:12)
   Coherence: 100%
 [ChainSystem] Opening chain window: summon_attempt Object
 [ChainSystem] Offering chain responses (first: player, second: bot)
 [ChainSystem] Chain responses complete, resolving chain (0 links)
 [ChainSystem] Chain resolution complete
 [ChainSystem] Cleaning up chain window
 [ChainSystem] Chain window closed successfully
 Bot summons a monster in defense
 [Bot.playMainPhase] Generated 0 raw actions, 0 sequenced actions (0 filtered)
 
[EmptyPhase] ⚠️  bot | T4:main1
   Reason: NO_ACTIONS_GENERATED
   Context: LP=8000 | Hand=3 | Field=1 | GY=2
 [checkAndOfferTraps] Called for event: phase_end Object
 [checkAndOfferTraps] Proceeding to open chain window
 [checkAndOfferTraps] Cleanup complete, trapPromptInProgress=false
 [Bot.makeMove] Guard check: Object
 [Bot.makeMove] Phase: battle
 [Bot.playBattlePhase] ✅ Starting battle phase evaluation
 [checkAndOfferTraps] Called for event: phase_end Object
 [checkAndOfferTraps] Proceeding to open chain window
 [checkAndOfferTraps] Cleanup complete, trapPromptInProgress=false
 [Bot.makeMove] Guard check: Object
 [Bot.makeMove] Phase: main2
 [Bot.playMainPhase] Generated 0 raw actions, 0 sequenced actions (0 filtered)
 
[EmptyPhase] ⚠️  bot | T4:main2
   Reason: NO_ACTIONS_GENERATED
   Context: LP=8000 | Hand=3 | Field=1 | GY=2
 [checkAndOfferTraps] Called for event: phase_end Object
 [checkAndOfferTraps] Proceeding to open chain window
 [checkAndOfferTraps] Cleanup complete, trapPromptInProgress=false
 [Bot.makeMove] Guard check: Object
 [Bot.makeMove] Phase: end
 
──────────────────── TURNO 5: You ────────────────────
 Nao e o seu turno.
 [ChainSystem] Opening chain window: summon_attempt Object
 [ChainSystem] Offering chain responses (first: bot, second: player)
 [ChainSystem] Chain responses complete, resolving chain (0 links)
 [ChainSystem] Chain resolution complete
 [ChainSystem] Cleaning up chain window
 [ChainSystem] Chain window closed successfully
 Summon Method: Normal | From: Hand | You -> Armored Dragon
 [ChainSystem] Opening chain window: effect_activation Object
 [ChainSystem] Offering chain responses (first: bot, second: player)
 [ChainSystem] Chain responses complete, resolving chain (0 links)
 [ChainSystem] Chain resolution complete
 [ChainSystem] Cleaning up chain window
 [ChainSystem] Chain window closed successfully
 Added Voltaic Dragon to hand from deck.
 [checkAndOfferTraps] Called for event: after_summon Object
 [checkAndOfferTraps] Proceeding to open chain window
 [checkAndOfferTraps] Cleanup complete, trapPromptInProgress=false
 Select a monster to attack.
 [Game] Highlighting targets: Object
 [Game] Target selection click: Object
 [Game] Looking for candidate: Object
 [Game] Selected card, total: 1 / 1
highlighting.js:85 [Game] Highlighting targets: Object
log.js:10 Black Bull Dragon attacks Luminarch Aegisbearer!
log.js:10 Luminarch Aegisbearer was flipped!
movement.js:1180 [moveCard] Emitting card_to_grave event for Luminarch Aegisbearer (fromZone: field)
collectors.js:1159 [handleCardToGraveEvent] Luminarch Aegisbearer entered graveyard. card.owner="bot", ctx.player.id="bot", ctx.opponent.id="player", wasDestroyed=true
collectors.js:1162 [handleCardToGraveEvent] Luminarch Aegisbearer entered graveyard from field. Card has 2 effects.
collectors.js:1208 [handleCardToGraveEvent] Found card_to_grave effect: luminarch_aegisbearer_def_reset
collectors.js:1296 [handleCardToGraveEvent] fromZone check: effect.fromZone="field", actual fromZone="field"
collectors.js:1311 [card_to_grave] About to resolve targets for Luminarch Aegisbearer. Targets definition: undefined
ChainSystem.js:772 [ChainSystem] Opening chain window: effect_activation Object
ChainSystem.js:802 [ChainSystem] Offering chain responses (first: player, second: bot)
ChainSystem.js:806 [ChainSystem] Chain responses complete, resolving chain (0 links)
ChainSystem.js:812 [ChainSystem] Chain resolution complete
ChainSystem.js:815 [ChainSystem] Cleaning up chain window
ChainSystem.js:821 [ChainSystem] Chain window closed successfully
collectors.js:584 [battle_destroy DEBUG] Side owner: player, triggerSources: Array(6)
collectors.js:588 [battle_destroy DEBUG] attacker in triggerSources: true
collectors.js:623 [battle_destroy DEBUG] Checking effect armored_dragon_battle_destroy_draw_summon on Armored Dragon
collectors.js:626   - attacker: Black Bull Dragon, destroyed: Luminarch Aegisbearer
collectors.js:629   - attackerOwner: player, destroyedOwner: bot
collectors.js:632   - side.owner: player, side.other: bot
collectors.js:635   - requireSelfAsAttacker: undefined, ctx.attacker === card: false
collectors.js:638   - requireDestroyedIsOpponent: undefined
collectors.js:694 [battle_destroy DEBUG] SKIPPED: requireSelfAsDestroyed but ctx.destroyed !== card
collectors.js:623 [battle_destroy DEBUG] Checking effect purified_crystal_heal_on_destroy on Purified Crystal Dragon
collectors.js:626   - attacker: Black Bull Dragon, destroyed: Luminarch Aegisbearer
collectors.js:629   - attackerOwner: player, destroyedOwner: bot
collectors.js:632   - side.owner: player, side.other: bot
collectors.js:635   - requireSelfAsAttacker: true, ctx.attacker === card: false
collectors.js:638   - requireDestroyedIsOpponent: undefined
collectors.js:688 [battle_destroy DEBUG] SKIPPED: requireSelfAsAttacker but ctx.attacker !== card
collectors.js:584 [battle_destroy DEBUG] Side owner: bot, triggerSources: Array(4)
collectors.js:588 [battle_destroy DEBUG] attacker in triggerSources: false
collectors.js:623 [battle_destroy DEBUG] Checking effect luminarch_aurora_seraph_heal on Luminarch Aurora Seraph
collectors.js:626   - attacker: Black Bull Dragon, destroyed: Luminarch Aegisbearer
collectors.js:629   - attackerOwner: player, destroyedOwner: bot
collectors.js:632   - side.owner: bot, side.other: player
collectors.js:635   - requireSelfAsAttacker: true, ctx.attacker === card: false
collectors.js:638   - requireDestroyedIsOpponent: undefined
collectors.js:688 [battle_destroy DEBUG] SKIPPED: requireSelfAsAttacker but ctx.attacker !== card
collectors.js:623 [battle_destroy DEBUG] Checking effect moonblade_captain_second_attack on Luminarch Moonblade Captain
collectors.js:626   - attacker: Black Bull Dragon, destroyed: Luminarch Aegisbearer
collectors.js:629   - attackerOwner: player, destroyedOwner: bot
collectors.js:632   - side.owner: bot, side.other: player
collectors.js:635   - requireSelfAsAttacker: true, ctx.attacker === card: false
collectors.js:638   - requireDestroyedIsOpponent: true
collectors.js:688 [battle_destroy DEBUG] SKIPPED: requireSelfAsAttacker but ctx.attacker !== card
eventResolver.js:100 [resolveEvent DEBUG] battle_destroy - entries.length: 0
eventResolver.js:103 [resolveEvent DEBUG] entries: Array(0)
log.js:10 Black Bull Dragon destroyed Luminarch Aegisbearer.
log.js:10 Finalize o efeito pendente antes de fazer outra acao.
log.js:10 Select a monster to attack.
highlighting.js:85 [Game] Highlighting targets: Object
log.js:10 Armored Dragon attacks directly!
log.js:10 Nao e o seu turno.
verification.js:12 [canActivateTrap] Checking: Dragon Spirit Sanctuary, cardKind: trap, isFacedown: true, turnSetOn: 5, currentTurn: 5
verification.js:21 [canActivateTrap] Result: false (5 > 5)
lifecycle.js:26 
──────────────────── TURNO 6: Opponent ────────────────────
verification.js:12 [canActivateTrap] Checking: Dragon Spirit Sanctuary, cardKind: trap, isFacedown: true, turnSetOn: 5, currentTurn: 6
verification.js:21 [canActivateTrap] Result: true (6 > 5)
BotLogger.js:139 
[Phase] ⏭️ bot | T6 standby → main1 (0 actions, 0ms)
Bot.js:261 [Bot.makeMove] Guard check: Object
Bot.js:268 [Bot.makeMove] Phase: main1
Bot.js:405 [Bot.playMainPhase] Generated 1 raw actions, 1 sequenced actions (0 filtered)
Bot.js:409 [Bot.playMainPhase] Actions: Array(1)
Bot.js:466 [Bot.playMainPhase] Running greedy search...
Bot.js:472 [Bot.playMainPhase] Greedy search result: Object
Bot.js:475 [Bot.playMainPhase] ✅ Greedy chose: Object
BotLogger.js:110 
[Decision] bot | T6:main1 🥇
BotLogger.js:111   Chosen: #1/1 - spell:Luminarch Moonlit Blessing (p:7)
BotLogger.js:112   Coherence: 100%
Bot.js:1324 [Bot.executeMainPhaseAction] 📝 Attempting spell: Luminarch Moonlit Blessing
Bot.js:1336 [Bot.executeMainPhaseAction] 🔍 Preview check: Object
verification.js:12 [canActivateTrap] Checking: Dragon Spirit Sanctuary, cardKind: trap, isFacedown: true, turnSetOn: 5, currentTurn: 6
verification.js:21 [canActivateTrap] Result: true (6 > 5)
verification.js:12 [canActivateTrap] Checking: Dragon Spirit Sanctuary, cardKind: trap, isFacedown: true, turnSetOn: 5, currentTurn: 6
verification.js:21 [canActivateTrap] Result: true (6 > 5)
ChainSystem.js:772 [ChainSystem] Opening chain window: card_activation Object
ChainSystem.js:802 [ChainSystem] Offering chain responses (first: player, second: bot)
ChainSystem.js:196 [getActivatableCardsInChain] Checking trap Dragon Spirit Sanctuary for context card_activation
ChainSystem.js:220 [getActivatableCardsInChain] No activatable effect found for Dragon Spirit Sanctuary
ChainSystem.js:806 [ChainSystem] Chain responses complete, resolving chain (0 links)
ChainSystem.js:812 [ChainSystem] Chain resolution complete
ChainSystem.js:815 [ChainSystem] Cleaning up chain window
ChainSystem.js:821 [ChainSystem] Chain window closed successfully
selection.js:71 [selectCandidates] Starting search for target "moonlit_blessing_target": owner="self", zone="graveyard", archetype="Luminarch", excludeCardName="undefined"
selection.js:71 [selectCandidates] Using 1 owners: bot
selection.js:71 [selectCandidates] Checking zone "graveyard" for owner bot: 2 cards (Luminarch Aegisbearer, Luminarch Aegisbearer)
selection.js:71 [selectCandidates] Evaluating card: Luminarch Aegisbearer (archetype: Luminarch, owner: bot)
selection.js:71 [selectCandidates] ACCEPTED: Luminarch Aegisbearer
selection.js:71 [selectCandidates] Evaluating card: Luminarch Aegisbearer (archetype: Luminarch, owner: bot)
selection.js:71 [selectCandidates] ACCEPTED: Luminarch Aegisbearer
selection.js:71 [selectCandidates] Found 2 candidates for target "moonlit_blessing_target" (archetype: Luminarch, zone: graveyard, exclude: undefined)
verification.js:12 [canActivateTrap] Checking: Dragon Spirit Sanctuary, cardKind: trap, isFacedown: true, turnSetOn: 5, currentTurn: 6
verification.js:21 [canActivateTrap] Result: true (6 > 5)
verification.js:12 [canActivateTrap] Checking: Dragon Spirit Sanctuary, cardKind: trap, isFacedown: true, turnSetOn: 5, currentTurn: 6
verification.js:21 [canActivateTrap] Result: true (6 > 5)
log.js:10 Luminarch Aegisbearer moved to hand.
verification.js:12 [canActivateTrap] Checking: Dragon Spirit Sanctuary, cardKind: trap, isFacedown: true, turnSetOn: 5, currentTurn: 6
verification.js:21 [canActivateTrap] Result: true (6 > 5)
movement.js:1180 [moveCard] Emitting card_to_grave event for Luminarch Moonlit Blessing (fromZone: spellTrap)
collectors.js:1159 [handleCardToGraveEvent] Luminarch Moonlit Blessing entered graveyard. card.owner="bot", ctx.player.id="bot", ctx.opponent.id="player", wasDestroyed=false
collectors.js:1162 [handleCardToGraveEvent] Luminarch Moonlit Blessing entered graveyard from spellTrap. Card has 1 effects.
verification.js:12 [canActivateTrap] Checking: Dragon Spirit Sanctuary, cardKind: trap, isFacedown: true, turnSetOn: 5, currentTurn: 6
verification.js:21 [canActivateTrap] Result: true (6 > 5)
log.js:10 Bot activates Luminarch Moonlit Blessing
verification.js:12 [canActivateTrap] Checking: Dragon Spirit Sanctuary, cardKind: trap, isFacedown: true, turnSetOn: 5, currentTurn: 6
verification.js:21 [canActivateTrap] Result: true (6 > 5)
Bot.js:405 [Bot.playMainPhase] Generated 1 raw actions, 1 sequenced actions (0 filtered)
Bot.js:409 [Bot.playMainPhase] Actions: Array(1)
Bot.js:466 [Bot.playMainPhase] Running greedy search...
Bot.js:472 [Bot.playMainPhase] Greedy search result: Object
Bot.js:475 [Bot.playMainPhase] ✅ Greedy chose: Object
BotLogger.js:110 
[Decision] bot | T6:main1 🥇
BotLogger.js:111   Chosen: #1/1 - summon:Luminarch Aegisbearer (p:12)
BotLogger.js:112   Coherence: 100%
ChainSystem.js:772 [ChainSystem] Opening chain window: summon_attempt Object
ChainSystem.js:802 [ChainSystem] Offering chain responses (first: player, second: bot)
ChainSystem.js:196 [getActivatableCardsInChain] Checking trap Dragon Spirit Sanctuary for context summon_attempt
ChainSystem.js:220 [getActivatableCardsInChain] No activatable effect found for Dragon Spirit Sanctuary
ChainSystem.js:806 [ChainSystem] Chain responses complete, resolving chain (0 links)
ChainSystem.js:812 [ChainSystem] Chain resolution complete
ChainSystem.js:815 [ChainSystem] Cleaning up chain window
ChainSystem.js:821 [ChainSystem] Chain window closed successfully
log.js:10 Bot summons a monster in defense
verification.js:12 [canActivateTrap] Checking: Dragon Spirit Sanctuary, cardKind: trap, isFacedown: true, turnSetOn: 5, currentTurn: 6
verification.js:21 [canActivateTrap] Result: true (6 > 5)
verification.js:12 [canActivateTrap] Checking: Dragon Spirit Sanctuary, cardKind: trap, isFacedown: true, turnSetOn: 5, currentTurn: 6
verification.js:21 [canActivateTrap] Result: true (6 > 5)
Bot.js:405 [Bot.playMainPhase] Generated 0 raw actions, 0 sequenced actions (0 filtered)
BotLogger.js:123 
[EmptyPhase] ⚠️  bot | T6:main1
BotLogger.js:124   Reason: NO_ACTIONS_GENERATED
BotLogger.js:126   Context: LP=8000 | Hand=3 | Field=2 | GY=2
triggers.js:14 [checkAndOfferTraps] Called for event: phase_end Object
triggers.js:38 [checkAndOfferTraps] Proceeding to open chain window
ChainSystem.js:196 [getActivatableCardsInChain] Checking trap Dragon Spirit Sanctuary for context phase_change
ChainSystem.js:220 [getActivatableCardsInChain] No activatable effect found for Dragon Spirit Sanctuary
triggers.js:105 [checkAndOfferTraps] Cleanup complete, trapPromptInProgress=false
verification.js:12 [canActivateTrap] Checking: Dragon Spirit Sanctuary, cardKind: trap, isFacedown: true, turnSetOn: 5, currentTurn: 6
verification.js:21 [canActivateTrap] Result: true (6 > 5)
Bot.js:261 [Bot.makeMove] Guard check: Object
Bot.js:268 [Bot.makeMove] Phase: battle
Bot.js:604 [Bot.playBattlePhase] ✅ Starting battle phase evaluation
triggers.js:14 [checkAndOfferTraps] Called for event: phase_end Object
triggers.js:38 [checkAndOfferTraps] Proceeding to open chain window
ChainSystem.js:196 [getActivatableCardsInChain] Checking trap Dragon Spirit Sanctuary for context phase_change
ChainSystem.js:220 [getActivatableCardsInChain] No activatable effect found for Dragon Spirit Sanctuary
triggers.js:105 [checkAndOfferTraps] Cleanup complete, trapPromptInProgress=false
verification.js:12 [canActivateTrap] Checking: Dragon Spirit Sanctuary, cardKind: trap, isFacedown: true, turnSetOn: 5, currentTurn: 6
verification.js:21 [canActivateTrap] Result: true (6 > 5)
Bot.js:261 [Bot.makeMove] Guard check: Object
Bot.js:268 [Bot.makeMove] Phase: main2
Bot.js:405 [Bot.playMainPhase] Generated 0 raw actions, 0 sequenced actions (0 filtered)
BotLogger.js:123 
[EmptyPhase] ⚠️  bot | T6:main2
BotLogger.js:124   Reason: NO_ACTIONS_GENERATED
BotLogger.js:126   Context: LP=8000 | Hand=3 | Field=2 | GY=2
triggers.js:14 [checkAndOfferTraps] Called for event: phase_end Object
triggers.js:38 [checkAndOfferTraps] Proceeding to open chain window
ChainSystem.js:196 [getActivatableCardsInChain] Checking trap Dragon Spirit Sanctuary for context phase_change
ChainSystem.js:220 [getActivatableCardsInChain] No activatable effect found for Dragon Spirit Sanctuary
triggers.js:105 [checkAndOfferTraps] Cleanup complete, trapPromptInProgress=false
Bot.js:261 [Bot.makeMove] Guard check: Object
Bot.js:268 [Bot.makeMove] Phase: end
lifecycle.js:26 
──────────────────── TURNO 7: You ────────────────────
verification.js:12 [canActivateTrap] Checking: Dragon Spirit Sanctuary, cardKind: trap, isFacedown: true, turnSetOn: 5, currentTurn: 7
verification.js:21 [canActivateTrap] Result: true (7 > 5)
log.js:10 Nao e o seu turno.
log.js:10 Select 2 monster(s) to tribute.
ChainSystem.js:772 [ChainSystem] Opening chain window: summon_attempt Object
ChainSystem.js:802 [ChainSystem] Offering chain responses (first: bot, second: player)
ChainSystem.js:196 [getActivatableCardsInChain] Checking trap Dragon Spirit Sanctuary for context summon_attempt
ChainSystem.js:220 [getActivatableCardsInChain] No activatable effect found for Dragon Spirit Sanctuary
ChainSystem.js:806 [ChainSystem] Chain responses complete, resolving chain (0 links)
ChainSystem.js:812 [ChainSystem] Chain resolution complete
ChainSystem.js:815 [ChainSystem] Cleaning up chain window
ChainSystem.js:821 [ChainSystem] Chain window closed successfully
movement.js:1180 [moveCard] Emitting card_to_grave event for Armored Dragon (fromZone: field)
collectors.js:1159 [handleCardToGraveEvent] Armored Dragon entered graveyard. card.owner="player", ctx.player.id="player", ctx.opponent.id="bot", wasDestroyed=false
collectors.js:1162 [handleCardToGraveEvent] Armored Dragon entered graveyard from field. Card has 2 effects.
movement.js:1180 [moveCard] Emitting card_to_grave event for Black Bull Dragon (fromZone: field)
verification.js:12 [canActivateTrap] Checking: Dragon Spirit Sanctuary, cardKind: trap, isFacedown: true, turnSetOn: 5, currentTurn: 7
verification.js:21 [canActivateTrap] Result: true (7 > 5)
log.js:10 Summon Method: Tribute | From: Hand | You -> Galaxy Extreme Dragon
triggers.js:14 [checkAndOfferTraps] Called for event: after_summon Object
triggers.js:38 [checkAndOfferTraps] Proceeding to open chain window
ChainSystem.js:196 [getActivatableCardsInChain] Checking trap Dragon Spirit Sanctuary for context summon
ChainSystem.js:220 [getActivatableCardsInChain] No activatable effect found for Dragon Spirit Sanctuary
triggers.js:105 [checkAndOfferTraps] Cleanup complete, trapPromptInProgress=false
verification.js:12 [canActivateTrap] Checking: Dragon Spirit Sanctuary, cardKind: trap, isFacedown: true, turnSetOn: 5, currentTurn: 7
verification.js:21 [canActivateTrap] Result: true (7 > 5)
log.js:10 Nao e o seu turno.
interactions.js:520 [Game] Activating hand effect for: Purified Crystal Dragon
Game.js:543 [Game] tryActivateMonsterEffect called for: Purified Crystal Dragon (zone: hand)
ChainSystem.js:772 [ChainSystem] Opening chain window: effect_activation Object
ChainSystem.js:802 [ChainSystem] Offering chain responses (first: bot, second: player)
ChainSystem.js:196 [getActivatableCardsInChain] Checking trap Dragon Spirit Sanctuary for context effect_activation
ChainSystem.js:220 [getActivatableCardsInChain] No activatable effect found for Dragon Spirit Sanctuary
ChainSystem.js:806 [ChainSystem] Chain responses complete, resolving chain (0 links)
ChainSystem.js:812 [ChainSystem] Chain resolution complete
ChainSystem.js:815 [ChainSystem] Cleaning up chain window
ChainSystem.js:821 [ChainSystem] Chain window closed successfully
log.js:10 Select target(s) for the monster effect.
log.js:10 Banished 3 card(s) (removed from game).
ChainSystem.js:772 [ChainSystem] Opening chain window: summon_attempt Object
ChainSystem.js:802 [ChainSystem] Offering chain responses (first: bot, second: player)
ChainSystem.js:196 [getActivatableCardsInChain] Checking trap Dragon Spirit Sanctuary for context summon_attempt
ChainSystem.js:220 [getActivatableCardsInChain] No activatable effect found for Dragon Spirit Sanctuary
ChainSystem.js:806 [ChainSystem] Chain responses complete, resolving chain (0 links)
ChainSystem.js:812 [ChainSystem] Chain resolution complete
ChainSystem.js:815 [ChainSystem] Cleaning up chain window
ChainSystem.js:821 [ChainSystem] Chain window closed successfully
log.js:10 Summon Method: Special | From: Hand | You -> Purified Crystal Dragon
triggers.js:14 [checkAndOfferTraps] Called for event: after_summon Object
triggers.js:38 [checkAndOfferTraps] Proceeding to open chain window
ChainSystem.js:196 [getActivatableCardsInChain] Checking trap Dragon Spirit Sanctuary for context summon
ChainSystem.js:220 [getActivatableCardsInChain] No activatable effect found for Dragon Spirit Sanctuary
triggers.js:105 [checkAndOfferTraps] Cleanup complete, trapPromptInProgress=false
log.js:10 You Special Summoned Purified Crystal Dragon from hand.
verification.js:12 [canActivateTrap] Checking: Dragon Spirit Sanctuary, cardKind: trap, isFacedown: true, turnSetOn: 5, currentTurn: 7
verification.js:21 [canActivateTrap] Result: true (7 > 5)
log.js:10 Purified Crystal Dragon effect activated.
verification.js:12 [canActivateTrap] Checking: Dragon Spirit Sanctuary, cardKind: trap, isFacedown: true, turnSetOn: 5, currentTurn: 7
verification.js:21 [canActivateTrap] Result: true (7 > 5)
ChainSystem.js:772 [ChainSystem] Opening chain window: effect_activation Object
ChainSystem.js:802 [ChainSystem] Offering chain responses (first: bot, second: player)
ChainSystem.js:196 [getActivatableCardsInChain] Checking trap Dragon Spirit Sanctuary for context effect_activation
ChainSystem.js:220 [getActivatableCardsInChain] No activatable effect found for Dragon Spirit Sanctuary
ChainSystem.js:806 [ChainSystem] Chain responses complete, resolving chain (0 links)
ChainSystem.js:812 [ChainSystem] Chain resolution complete
ChainSystem.js:815 [ChainSystem] Cleaning up chain window
ChainSystem.js:821 [ChainSystem] Chain window closed successfully
log.js:10 Black Bull Dragon foi banida.
verification.js:12 [canActivateTrap] Checking: Dragon Spirit Sanctuary, cardKind: trap, isFacedown: true, turnSetOn: 5, currentTurn: 7
verification.js:21 [canActivateTrap] Result: true (7 > 5)
log.js:10 Added Hellkite Dragon to hand from deck.
verification.js:12 [canActivateTrap] Checking: Dragon Spirit Sanctuary, cardKind: trap, isFacedown: true, turnSetOn: 5, currentTurn: 7
verification.js:21 [canActivateTrap] Result: true (7 > 5)
log.js:10 Black Bull Dragon activates from the Graveyard.
verification.js:12 [canActivateTrap] Checking: Dragon Spirit Sanctuary, cardKind: trap, isFacedown: true, turnSetOn: 5, currentTurn: 7
verification.js:21 [canActivateTrap] Result: true (7 > 5)
log.js:10 Nao e o seu turno.
interactions.js:520 [Game] Activating hand effect for: Voltaic Dragon
Game.js:543 [Game] tryActivateMonsterEffect called for: Voltaic Dragon (zone: hand)
ChainSystem.js:772 [ChainSystem] Opening chain window: effect_activation Object
ChainSystem.js:802 [ChainSystem] Offering chain responses (first: bot, second: player)
ChainSystem.js:196 [getActivatableCardsInChain] Checking trap Dragon Spirit Sanctuary for context effect_activation
ChainSystem.js:220 [getActivatableCardsInChain] No activatable effect found for Dragon Spirit Sanctuary
ChainSystem.js:806 [ChainSystem] Chain responses complete, resolving chain (0 links)
ChainSystem.js:812 [ChainSystem] Chain resolution complete
ChainSystem.js:815 [ChainSystem] Cleaning up chain window
ChainSystem.js:821 [ChainSystem] Chain window closed successfully
ChainSystem.js:772 [ChainSystem] Opening chain window: summon_attempt Object
ChainSystem.js:802 [ChainSystem] Offering chain responses (first: bot, second: player)
ChainSystem.js:196 [getActivatableCardsInChain] Checking trap Dragon Spirit Sanctuary for context summon_attempt
ChainSystem.js:220 [getActivatableCardsInChain] No activatable effect found for Dragon Spirit Sanctuary
ChainSystem.js:806 [ChainSystem] Chain responses complete, resolving chain (0 links)
ChainSystem.js:812 [ChainSystem] Chain resolution complete
ChainSystem.js:815 [ChainSystem] Cleaning up chain window
ChainSystem.js:821 [ChainSystem] Chain window closed successfully
log.js:10 Summon Method: Special | From: Hand | You -> Voltaic Dragon
triggers.js:14 [checkAndOfferTraps] Called for event: after_summon Object
triggers.js:38 [checkAndOfferTraps] Proceeding to open chain window
ChainSystem.js:196 [getActivatableCardsInChain] Checking trap Dragon Spirit Sanctuary for context summon
ChainSystem.js:220 [getActivatableCardsInChain] No activatable effect found for Dragon Spirit Sanctuary
triggers.js:105 [checkAndOfferTraps] Cleanup complete, trapPromptInProgress=false
log.js:10 You Special Summoned Voltaic Dragon from hand.
verification.js:12 [canActivateTrap] Checking: Dragon Spirit Sanctuary, cardKind: trap, isFacedown: true, turnSetOn: 5, currentTurn: 7
verification.js:21 [canActivateTrap] Result: true (7 > 5)
log.js:10 Voltaic Dragon effect activated.
verification.js:12 [canActivateTrap] Checking: Dragon Spirit Sanctuary, cardKind: trap, isFacedown: true, turnSetOn: 5, currentTurn: 7
verification.js:21 [canActivateTrap] Result: true (7 > 5)
log.js:10 Nao e o seu turno.
interactions.js:520 [Game] Activating hand effect for: Hellkite Dragon
Game.js:543 [Game] tryActivateMonsterEffect called for: Hellkite Dragon (zone: hand)
ChainSystem.js:772 [ChainSystem] Opening chain window: effect_activation Object
ChainSystem.js:802 [ChainSystem] Offering chain responses (first: bot, second: player)
ChainSystem.js:196 [getActivatableCardsInChain] Checking trap Dragon Spirit Sanctuary for context effect_activation
ChainSystem.js:220 [getActivatableCardsInChain] No activatable effect found for Dragon Spirit Sanctuary
ChainSystem.js:806 [ChainSystem] Chain responses complete, resolving chain (0 links)
ChainSystem.js:812 [ChainSystem] Chain resolution complete
ChainSystem.js:815 [ChainSystem] Cleaning up chain window
ChainSystem.js:821 [ChainSystem] Chain window closed successfully
log.js:10 Select target(s) for the monster effect.
movement.js:1180 [moveCard] Emitting card_to_grave event for Voltaic Dragon (fromZone: field)
collectors.js:1159 [handleCardToGraveEvent] Voltaic Dragon entered graveyard. card.owner="player", ctx.player.id="player", ctx.opponent.id="bot", wasDestroyed=false
collectors.js:1162 [handleCardToGraveEvent] Voltaic Dragon entered graveyard from field. Card has 2 effects.
collectors.js:1208 [handleCardToGraveEvent] Found card_to_grave effect: voltaic_dragon_discard_damage
collectors.js:1296 [handleCardToGraveEvent] fromZone check: effect.fromZone="hand", actual fromZone="field"
collectors.js:1305 [handleCardToGraveEvent] Skipping: fromZone mismatch (hand !== field)
ChainSystem.js:772 [ChainSystem] Opening chain window: summon_attempt Object
ChainSystem.js:802 [ChainSystem] Offering chain responses (first: bot, second: player)
ChainSystem.js:196 [getActivatableCardsInChain] Checking trap Dragon Spirit Sanctuary for context summon_attempt
ChainSystem.js:220 [getActivatableCardsInChain] No activatable effect found for Dragon Spirit Sanctuary
ChainSystem.js:806 [ChainSystem] Chain responses complete, resolving chain (0 links)
ChainSystem.js:812 [ChainSystem] Chain resolution complete
ChainSystem.js:815 [ChainSystem] Cleaning up chain window
ChainSystem.js:821 [ChainSystem] Chain window closed successfully
log.js:10 Summon Method: Special | From: Hand | You -> Hellkite Dragon
triggers.js:14 [checkAndOfferTraps] Called for event: after_summon Object
triggers.js:38 [checkAndOfferTraps] Proceeding to open chain window
ChainSystem.js:196 [getActivatableCardsInChain] Checking trap Dragon Spirit Sanctuary for context summon
ChainSystem.js:220 [getActivatableCardsInChain] No activatable effect found for Dragon Spirit Sanctuary
triggers.js:105 [checkAndOfferTraps] Cleanup complete, trapPromptInProgress=false
log.js:10 You Special Summoned Hellkite Dragon from hand.
verification.js:12 [canActivateTrap] Checking: Dragon Spirit Sanctuary, cardKind: trap, isFacedown: true, turnSetOn: 5, currentTurn: 7
verification.js:21 [canActivateTrap] Result: true (7 > 5)
log.js:10 Hellkite Dragon effect activated.
verification.js:12 [canActivateTrap] Checking: Dragon Spirit Sanctuary, cardKind: trap, isFacedown: true, turnSetOn: 5, currentTurn: 7
verification.js:21 [canActivateTrap] Result: true (7 > 5)
Game.js:543 [Game] tryActivateMonsterEffect called for: Purified Crystal Dragon (zone: field)
ChainSystem.js:772 [ChainSystem] Opening chain window: effect_activation Object
ChainSystem.js:802 [ChainSystem] Offering chain responses (first: bot, second: player)
ChainSystem.js:196 [getActivatableCardsInChain] Checking trap Dragon Spirit Sanctuary for context effect_activation
ChainSystem.js:220 [getActivatableCardsInChain] No activatable effect found for Dragon Spirit Sanctuary
ChainSystem.js:806 [ChainSystem] Chain responses complete, resolving chain (0 links)
ChainSystem.js:812 [ChainSystem] Chain resolution complete
ChainSystem.js:815 [ChainSystem] Cleaning up chain window
ChainSystem.js:821 [ChainSystem] Chain window closed successfully
log.js:10 Select target(s) for the monster effect.
log.js:10 Galaxy Extreme Dragon is now protected from destruction by card effects!
verification.js:12 [canActivateTrap] Checking: Dragon Spirit Sanctuary, cardKind: trap, isFacedown: true, turnSetOn: 5, currentTurn: 7
verification.js:21 [canActivateTrap] Result: true (7 > 5)
log.js:10 Purified Crystal Dragon effect activated.
verification.js:12 [canActivateTrap] Checking: Dragon Spirit Sanctuary, cardKind: trap, isFacedown: true, turnSetOn: 5, currentTurn: 7
verification.js:21 [canActivateTrap] Result: true (7 > 5)
verification.js:12 [canActivateTrap] Checking: Dragon Spirit Sanctuary, cardKind: trap, isFacedown: true, turnSetOn: 5, currentTurn: 7
verification.js:21 [canActivateTrap] Result: true (7 > 5)
log.js:10 Select a monster to attack.
highlighting.js:85 [Game] Highlighting targets: Object
handlers.js:29 [Game] Target selection click: Object
handlers.js:60 [Game] Looking for candidate: Object
handlers.js:102 [Game] Selected card, total: 1 / 1
highlighting.js:85 [Game] Highlighting targets: Object
handlers.js:29 [Game] Target selection click: Object
handlers.js:60 [Game] Looking for candidate: Object
handlers.js:95 [Game] Deselected card
highlighting.js:85 [Game] Highlighting targets: Object
log.js:10 Select a monster to attack.
highlighting.js:85 [Game] Highlighting targets: Object
handlers.js:29 [Game] Target selection click: Object
handlers.js:60 [Game] Looking for candidate: Object
handlers.js:102 [Game] Selected card, total: 1 / 1
highlighting.js:85 [Game] Highlighting targets: Object
log.js:10 Hellkite Dragon attacks Luminarch Aegisbearer!
log.js:10 Luminarch Aegisbearer was flipped!
verification.js:12 [canActivateTrap] Checking: Dragon Spirit Sanctuary, cardKind: trap, isFacedown: true, turnSetOn: 5, currentTurn: 7
verification.js:21 [canActivateTrap] Result: true (7 > 5)
log.js:10 Luminarch Aegisbearer is banished instead of being sent to the Graveyard.
collectors.js:584 [battle_destroy DEBUG] Side owner: player, triggerSources: Array(4)
collectors.js:588 [battle_destroy DEBUG] attacker in triggerSources: true
collectors.js:623 [battle_destroy DEBUG] Checking effect purified_crystal_heal_on_destroy on Purified Crystal Dragon
collectors.js:626   - attacker: Hellkite Dragon, destroyed: Luminarch Aegisbearer
collectors.js:629   - attackerOwner: player, destroyedOwner: bot
collectors.js:632   - side.owner: player, side.other: bot
collectors.js:635   - requireSelfAsAttacker: true, ctx.attacker === card: false
collectors.js:638   - requireDestroyedIsOpponent: undefined
collectors.js:688 [battle_destroy DEBUG] SKIPPED: requireSelfAsAttacker but ctx.attacker !== card
collectors.js:584 [battle_destroy DEBUG] Side owner: bot, triggerSources: Array(4)
collectors.js:588 [battle_destroy DEBUG] attacker in triggerSources: false
collectors.js:623 [battle_destroy DEBUG] Checking effect luminarch_aurora_seraph_heal on Luminarch Aurora Seraph
collectors.js:626   - attacker: Hellkite Dragon, destroyed: Luminarch Aegisbearer
collectors.js:629   - attackerOwner: player, destroyedOwner: bot
collectors.js:632   - side.owner: bot, side.other: player
collectors.js:635   - requireSelfAsAttacker: true, ctx.attacker === card: false
collectors.js:638   - requireDestroyedIsOpponent: undefined
collectors.js:688 [battle_destroy DEBUG] SKIPPED: requireSelfAsAttacker but ctx.attacker !== card
collectors.js:623 [battle_destroy DEBUG] Checking effect moonblade_captain_second_attack on Luminarch Moonblade Captain
collectors.js:626   - attacker: Hellkite Dragon, destroyed: Luminarch Aegisbearer
collectors.js:629   - attackerOwner: player, destroyedOwner: bot
collectors.js:632   - side.owner: bot, side.other: player
collectors.js:635   - requireSelfAsAttacker: true, ctx.attacker === card: false
collectors.js:638   - requireDestroyedIsOpponent: true
collectors.js:688 [battle_destroy DEBUG] SKIPPED: requireSelfAsAttacker but ctx.attacker !== card
eventResolver.js:100 [resolveEvent DEBUG] battle_destroy - entries.length: 0
eventResolver.js:103 [resolveEvent DEBUG] entries: Array(0)
log.js:10 Hellkite Dragon destroyed Luminarch Aegisbearer.
verification.js:12 [canActivateTrap] Checking: Dragon Spirit Sanctuary, cardKind: trap, isFacedown: true, turnSetOn: 5, currentTurn: 7
verification.js:21 [canActivateTrap] Result: true (7 > 5)
log.js:10 Select a monster to attack.
highlighting.js:85 [Game] Highlighting targets: Object
Luminarch Aegisbearer.png:1  Failed to load resource: net::ERR_CONNECTION_REFUSED
log.js:10 Purified Crystal Dragon attacks directly!
verification.js:12 [canActivateTrap] Checking: Dragon Spirit Sanctuary, cardKind: trap, isFacedown: true, turnSetOn: 5, currentTurn: 7
verification.js:21 [canActivateTrap] Result: true (7 > 5)
log.js:10 Select a monster to attack.
highlighting.js:85 [Game] Highlighting targets: Object
log.js:10 Galaxy Extreme Dragon attacks directly!
verification.js:12 [canActivateTrap] Checking: Dragon Spirit Sanctuary, cardKind: trap, isFacedown: true, turnSetOn: 5, currentTurn: 7
verification.js:21 [canActivateTrap] Result: true (7 > 5)
